Determining if the Q_WS_X11 exist failed with the following output:
Change Dir: /Users/nma/Source/keepassx/build/CMakeFiles/CMakeTmp

Run Build Command:"/usr/bin/make" "cmTryCompileExec166973823/fast"
/Library/Developer/CommandLineTools/usr/bin/make -f CMakeFiles/cmTryCompileExec166973823.dir/build.make CMakeFiles/cmTryCompileExec166973823.dir/build
/usr/local/Cellar/cmake/3.2.1/bin/cmake -E cmake_progress_report /Users/nma/Source/keepassx/build/CMakeFiles/CMakeTmp/CMakeFiles 1
Building CXX object CMakeFiles/cmTryCompileExec166973823.dir/CheckSymbolExists.cxx.o
/Library/Developer/CommandLineTools/usr/bin/c++    -fno-common -fstack-protector --param=ssp-buffer-size=4 -Wall -Wextra -Wundef -Wpointer-arith -Wno-long-long -Wformat=2 -Wmissing-format-attribute -fvisibility=hidden -fvisibility-inlines-hidden -fno-exceptions -fno-rtti -Wnon-virtual-dtor -Wold-style-cast -Woverloaded-virtual -Werror=format-security -std=c++0x  -I/usr/local/Cellar/qt/4.8.6/include -F/usr/local/Cellar/qt/4.8.6/lib    -o CMakeFiles/cmTryCompileExec166973823.dir/CheckSymbolExists.cxx.o -c /Users/nma/Source/keepassx/build/CMakeFiles/CMakeTmp/CheckSymbolExists.cxx
/Users/nma/Source/keepassx/build/CMakeFiles/CMakeTmp/CheckSymbolExists.cxx:8:19: error: use of undeclared identifier 'Q_WS_X11'
  return ((int*)(&Q_WS_X11))[argc];
                  ^
1 error generated.
make[1]: *** [CMakeFiles/cmTryCompileExec166973823.dir/CheckSymbolExists.cxx.o] Error 1
make: *** [cmTryCompileExec166973823/fast] Error 2

File /Users/nma/Source/keepassx/build/CMakeFiles/CMakeTmp/CheckSymbolExists.cxx:
/* */
#include <QtCore/qglobal.h>

int main(int argc, char** argv)
{
  (void)argv;
#ifndef Q_WS_X11
  return ((int*)(&Q_WS_X11))[argc];
#else
  (void)argc;
  return 0;
#endif
}

Determining if the Q_WS_WIN exist failed with the following output:
Change Dir: /Users/nma/Source/keepassx/build/CMakeFiles/CMakeTmp

Run Build Command:"/usr/bin/make" "cmTryCompileExec3328012726/fast"
/Library/Developer/CommandLineTools/usr/bin/make -f CMakeFiles/cmTryCompileExec3328012726.dir/build.make CMakeFiles/cmTryCompileExec3328012726.dir/build
/usr/local/Cellar/cmake/3.2.1/bin/cmake -E cmake_progress_report /Users/nma/Source/keepassx/build/CMakeFiles/CMakeTmp/CMakeFiles 1
Building CXX object CMakeFiles/cmTryCompileExec3328012726.dir/CheckSymbolExists.cxx.o
/Library/Developer/CommandLineTools/usr/bin/c++    -fno-common -fstack-protector --param=ssp-buffer-size=4 -Wall -Wextra -Wundef -Wpointer-arith -Wno-long-long -Wformat=2 -Wmissing-format-attribute -fvisibility=hidden -fvisibility-inlines-hidden -fno-exceptions -fno-rtti -Wnon-virtual-dtor -Wold-style-cast -Woverloaded-virtual -Werror=format-security -std=c++0x  -I/usr/local/Cellar/qt/4.8.6/include -F/usr/local/Cellar/qt/4.8.6/lib    -o CMakeFiles/cmTryCompileExec3328012726.dir/CheckSymbolExists.cxx.o -c /Users/nma/Source/keepassx/build/CMakeFiles/CMakeTmp/CheckSymbolExists.cxx
/Users/nma/Source/keepassx/build/CMakeFiles/CMakeTmp/CheckSymbolExists.cxx:8:19: error: use of undeclared identifier 'Q_WS_WIN'
  return ((int*)(&Q_WS_WIN))[argc];
                  ^
1 error generated.
make[1]: *** [CMakeFiles/cmTryCompileExec3328012726.dir/CheckSymbolExists.cxx.o] Error 1
make: *** [cmTryCompileExec3328012726/fast] Error 2

File /Users/nma/Source/keepassx/build/CMakeFiles/CMakeTmp/CheckSymbolExists.cxx:
/* */
#include <QtCore/qglobal.h>

int main(int argc, char** argv)
{
  (void)argv;
#ifndef Q_WS_WIN
  return ((int*)(&Q_WS_WIN))[argc];
#else
  (void)argc;
  return 0;
#endif
}

Determining if the Q_WS_QWS exist failed with the following output:
Change Dir: /Users/nma/Source/keepassx/build/CMakeFiles/CMakeTmp

Run Build Command:"/usr/bin/make" "cmTryCompileExec3081365486/fast"
/Library/Developer/CommandLineTools/usr/bin/make -f CMakeFiles/cmTryCompileExec3081365486.dir/build.make CMakeFiles/cmTryCompileExec3081365486.dir/build
/usr/local/Cellar/cmake/3.2.1/bin/cmake -E cmake_progress_report /Users/nma/Source/keepassx/build/CMakeFiles/CMakeTmp/CMakeFiles 1
Building CXX object CMakeFiles/cmTryCompileExec3081365486.dir/CheckSymbolExists.cxx.o
/Library/Developer/CommandLineTools/usr/bin/c++    -fno-common -fstack-protector --param=ssp-buffer-size=4 -Wall -Wextra -Wundef -Wpointer-arith -Wno-long-long -Wformat=2 -Wmissing-format-attribute -fvisibility=hidden -fvisibility-inlines-hidden -fno-exceptions -fno-rtti -Wnon-virtual-dtor -Wold-style-cast -Woverloaded-virtual -Werror=format-security -std=c++0x  -I/usr/local/Cellar/qt/4.8.6/include -F/usr/local/Cellar/qt/4.8.6/lib    -o CMakeFiles/cmTryCompileExec3081365486.dir/CheckSymbolExists.cxx.o -c /Users/nma/Source/keepassx/build/CMakeFiles/CMakeTmp/CheckSymbolExists.cxx
/Users/nma/Source/keepassx/build/CMakeFiles/CMakeTmp/CheckSymbolExists.cxx:8:19: error: use of undeclared identifier 'Q_WS_QWS'
  return ((int*)(&Q_WS_QWS))[argc];
                  ^
1 error generated.
make[1]: *** [CMakeFiles/cmTryCompileExec3081365486.dir/CheckSymbolExists.cxx.o] Error 1
make: *** [cmTryCompileExec3081365486/fast] Error 2

File /Users/nma/Source/keepassx/build/CMakeFiles/CMakeTmp/CheckSymbolExists.cxx:
/* */
#include <QtCore/qglobal.h>

int main(int argc, char** argv)
{
  (void)argv;
#ifndef Q_WS_QWS
  return ((int*)(&Q_WS_QWS))[argc];
#else
  (void)argc;
  return 0;
#endif
}

Performing C++ SOURCE FILE Test HAVE_PR_SET_DUMPABLE failed with the following output:
Change Dir: /Users/nma/Source/keepassx/build/CMakeFiles/CMakeTmp

Run Build Command:"/usr/bin/make" "cmTryCompileExec1444492426/fast"
/Library/Developer/CommandLineTools/usr/bin/make -f CMakeFiles/cmTryCompileExec1444492426.dir/build.make CMakeFiles/cmTryCompileExec1444492426.dir/build
/usr/local/Cellar/cmake/3.2.1/bin/cmake -E cmake_progress_report /Users/nma/Source/keepassx/build/CMakeFiles/CMakeTmp/CMakeFiles 1
Building CXX object CMakeFiles/cmTryCompileExec1444492426.dir/src.cxx.o
/Library/Developer/CommandLineTools/usr/bin/c++    -fno-common -fstack-protector --param=ssp-buffer-size=4 -Wall -Wextra -Wundef -Wpointer-arith -Wno-long-long -Wformat=2 -Wmissing-format-attribute -fvisibility=hidden -fvisibility-inlines-hidden -fno-exceptions -fno-rtti -Wnon-virtual-dtor -Wold-style-cast -Woverloaded-virtual -Werror=format-security -std=c++0x -DHAVE_PR_SET_DUMPABLE   -o CMakeFiles/cmTryCompileExec1444492426.dir/src.cxx.o -c /Users/nma/Source/keepassx/build/CMakeFiles/CMakeTmp/src.cxx
/Users/nma/Source/keepassx/build/CMakeFiles/CMakeTmp/src.cxx:1:10: fatal error: 'sys/prctl.h' file not found
#include <sys/prctl.h>
         ^
1 error generated.
make[1]: *** [CMakeFiles/cmTryCompileExec1444492426.dir/src.cxx.o] Error 1
make: *** [cmTryCompileExec1444492426/fast] Error 2

Source file was:
#include <sys/prctl.h>
    int main() { prctl(PR_SET_DUMPABLE, 0); return 0; }
